<?xml version="1.0" encoding="UTF-8"?>
<coverage generated="1654446601176" clover="3.2.0">
  <project timestamp="1654446601176" name="All files">
    <metrics statements="21" coveredstatements="18" conditionals="6" coveredconditionals="4" methods="3" coveredmethods="3" elements="30" coveredelements="25" complexity="0" loc="21" ncloc="21" packages="1" files="1" classes="1"/>
    <file name="age.js" path="E:\Codenstuff\Solar Counter\src\age.js">
      <metrics statements="21" coveredstatements="18" conditionals="6" coveredconditionals="4" methods="3" coveredmethods="3"/>
      <line num="2" count="3" type="stmt"/>
      <line num="6" count="1" type="stmt"/>
      <line num="8" count="6" type="stmt"/>
      <line num="9" count="6" type="stmt"/>
      <line num="11" count="6" type="stmt"/>
      <line num="13" count="24" type="stmt"/>
      <line num="14" count="24" type="cond" truecount="2" falsecount="0"/>
      <line num="16" count="5" type="stmt"/>
      <line num="17" count="5" type="stmt"/>
      <line num="21" count="6" type="stmt"/>
      <line num="24" count="1" type="stmt"/>
      <line num="27" count="1" type="cond" truecount="1" falsecount="1"/>
      <line num="29" count="0" type="stmt"/>
      <line num="31" count="1" type="cond" truecount="1" falsecount="1"/>
      <line num="33" count="0" type="stmt"/>
      <line num="37" count="1" type="stmt"/>
      <line num="40" count="1" type="stmt"/>
      <line num="41" count="1" type="stmt"/>
      <line num="43" count="1" type="stmt"/>
      <line num="45" count="1" type="stmt"/>
      <line num="47" count="0" type="stmt"/>
    </file>
  </project>
</coverage>
