<?xml version="1.0" encoding="UTF-8"?>
<coverage generated="1653529349050" clover="3.2.0">
  <project timestamp="1653529349050" name="All files">
    <metrics statements="14" coveredstatements="14" conditionals="28" coveredconditionals="28" methods="2" coveredmethods="2" elements="44" coveredelements="44" complexity="0" loc="14" ncloc="14" packages="1" files="1" classes="1"/>
    <file name="triangle.js" path="E:\Codenstuff\Triangle-Tracker\js\triangle.js">
      <metrics statements="14" coveredstatements="14" conditionals="28" coveredconditionals="28" methods="2" coveredmethods="2"/>
      <line num="2" count="5" type="stmt"/>
      <line num="3" count="5" type="stmt"/>
      <line num="4" count="5" type="stmt"/>
      <line num="5" count="5" type="cond" truecount="5" falsecount="0"/>
      <line num="6" count="5" type="cond" truecount="5" falsecount="0"/>
      <line num="7" count="5" type="cond" truecount="4" falsecount="0"/>
      <line num="10" count="1" type="stmt"/>
      <line num="11" count="4" type="cond" truecount="5" falsecount="0"/>
      <line num="12" count="1" type="stmt"/>
      <line num="13" count="3" type="cond" truecount="5" falsecount="0"/>
      <line num="14" count="1" type="stmt"/>
      <line num="15" count="2" type="cond" truecount="4" falsecount="0"/>
      <line num="16" count="1" type="stmt"/>
      <line num="18" count="1" type="stmt"/>
    </file>
  </project>
</coverage>
