{"E:\\Codenstuff\\Solar Counter\\src\\age.js": {"path":"E:\\Codenstuff\\Solar Counter\\src\\age.js","statementMap":{"0":{"start":{"line":2,"column":2},"end":{"line":2,"column":17}},"1":{"start":{"line":6,"column":0},"end":{"line":22,"column":2}},"2":{"start":{"line":8,"column":17},"end":{"line":8,"column":22}},"3":{"start":{"line":9,"column":18},"end":{"line":9,"column":43}},"4":{"start":{"line":11,"column":2},"end":{"line":19,"column":3}},"5":{"start":{"line":11,"column":15},"end":{"line":11,"column":16}},"6":{"start":{"line":13,"column":4},"end":{"line":13,"column":36}},"7":{"start":{"line":14,"column":4},"end":{"line":18,"column":5}},"8":{"start":{"line":16,"column":6},"end":{"line":16,"column":43}},"9":{"start":{"line":17,"column":6},"end":{"line":17,"column":44}},"10":{"start":{"line":21,"column":2},"end":{"line":21,"column":18}},"11":{"start":{"line":24,"column":0},"end":{"line":48,"column":1}},"12":{"start":{"line":27,"column":2},"end":{"line":38,"column":3}},"13":{"start":{"line":29,"column":17},"end":{"line":29,"column":53}},"14":{"start":{"line":31,"column":7},"end":{"line":38,"column":3}},"15":{"start":{"line":33,"column":15},"end":{"line":33,"column":51}},"16":{"start":{"line":37,"column":17},"end":{"line":37,"column":41}},"17":{"start":{"line":40,"column":17},"end":{"line":40,"column":29}},"18":{"start":{"line":41,"column":19},"end":{"line":41,"column":45}},"19":{"start":{"line":43,"column":2},"end":{"line":46,"column":3}},"20":{"start":{"line":43,"column":15},"end":{"line":43,"column":16}},"21":{"start":{"line":45,"column":5},"end":{"line":45,"column":39}},"22":{"start":{"line":47,"column":2},"end":{"line":47,"column":14}}},"fnMap":{"0":{"name":"Age","decl":{"start":{"line":1,"column":24},"end":{"line":1,"column":27}},"loc":{"start":{"line":1,"column":33},"end":{"line":4,"column":1}},"line":1},"1":{"name":"(anonymous_1)","decl":{"start":{"line":6,"column":24},"end":{"line":6,"column":25}},"loc":{"start":{"line":7,"column":0},"end":{"line":22,"column":1}},"line":7},"2":{"name":"(anonymous_2)","decl":{"start":{"line":24,"column":25},"end":{"line":24,"column":26}},"loc":{"start":{"line":25,"column":0},"end":{"line":48,"column":1}},"line":25}},"branchMap":{"0":{"loc":{"start":{"line":14,"column":4},"end":{"line":18,"column":5}},"type":"if","locations":[{"start":{"line":14,"column":4},"end":{"line":18,"column":5}},{"start":{"line":14,"column":4},"end":{"line":18,"column":5}}],"line":14},"1":{"loc":{"start":{"line":27,"column":2},"end":{"line":38,"column":3}},"type":"if","locations":[{"start":{"line":27,"column":2},"end":{"line":38,"column":3}},{"start":{"line":27,"column":2},"end":{"line":38,"column":3}}],"line":27},"2":{"loc":{"start":{"line":31,"column":7},"end":{"line":38,"column":3}},"type":"if","locations":[{"start":{"line":31,"column":7},"end":{"line":38,"column":3}},{"start":{"line":31,"column":7},"end":{"line":38,"column":3}}],"line":31}},"s":{"0":3,"1":1,"2":6,"3":6,"4":6,"5":6,"6":24,"7":24,"8":5,"9":5,"10":6,"11":1,"12":1,"13":0,"14":1,"15":0,"16":1,"17":1,"18":1,"19":1,"20":1,"21":1,"22":0},"f":{"0":3,"1":6,"2":1},"b":{"0":[5,19],"1":[0,1],"2":[0,1]},"_coverageSchema":"43e27e138ebf9cfc5966b082cf9a028302ed4184","hash":"d686a1ff13e232a82214389365b2a9f9e062315c"}
}
