TN:
SF:E:\Codenstuff\Triangle-Tracker\js\triangle.js
FN:1,Triangle
FN:10,(anonymous_1)
FNF:2
FNH:2
FNDA:5,Triangle
FNDA:4,(anonymous_1)
DA:2,5
DA:3,5
DA:4,5
DA:5,5
DA:6,5
DA:7,5
DA:10,1
DA:11,4
DA:12,1
DA:13,3
DA:14,1
DA:15,2
DA:16,1
DA:18,1
LF:14
LH:14
BRDA:5,0,0,1
BRDA:5,0,1,4
BRDA:5,1,0,5
BRDA:5,1,1,5
BRDA:5,1,2,5
BRDA:6,2,0,3
BRDA:6,2,1,2
BRDA:6,3,0,5
BRDA:6,3,1,3
BRDA:6,3,2,3
BRDA:7,4,0,1
BRDA:7,4,1,4
BRDA:7,5,0,5
BRDA:7,5,1,2
BRDA:11,6,0,1
BRDA:11,6,1,3
BRDA:11,7,0,4
BRDA:11,7,1,4
BRDA:11,7,2,4
BRDA:13,8,0,1
BRDA:13,8,1,2
BRDA:13,9,0,3
BRDA:13,9,1,1
BRDA:13,9,2,1
BRDA:15,10,0,1
BRDA:15,10,1,1
BRDA:15,11,0,2
BRDA:15,11,1,2
BRF:28
BRH:28
end_of_record
